-------------------------------------------------------------------------------
Test set: testrunners.MyRunnerTest
-------------------------------------------------------------------------------
Tests run: 3, Failures: 1, Errors: 0, Skipped: 0, Time elapsed: 100.653 s <<< FAILURE! - in testrunners.MyRunnerTest
Login with correct credentials(Login page feature)  Time elapsed: 35.795 s  <<< FAILURE!
java.lang.AssertionError

